Arguments: 
  /home/nchiang/.nvm/versions/node/v12.18.3/bin/node /home/nchiang/.nvm/versions/node/v12.18.3/bin/yarn init

PATH: 
  /home/nchiang/.nvm/versions/node/v12.18.3/bin:/home/nchiang/.cargo/bin:/home/nchiang/gems/bin:/home/nchiang/.bin/flutter/bin:/home/nchiang/.bin:/home/nchiang/gems/bin:/home/nchiang/.local/bin:/usr/local/sbin:/usr/local/bin:/usr/sbin:/usr/bin:/sbin:/bin:/usr/games:/usr/local/games:/snap/bin:/home/nchiang/.fzf/bin:/home/nchiang/Android/Sdk/emulator:/home/nchiang/Android/Sdk/tools:/home/nchiang/Android/Sdk/tools/bin:/home/nchiang/Android/Sdk/platform-tools

Yarn version: 
  1.22.10

Node version: 
  12.18.3

Platform: 
  linux x64

Trace: 
  Error: canceled
      at Interface.<anonymous> (/home/nchiang/.nvm/versions/node/v12.18.3/lib/node_modules/yarn/lib/cli.js:136216:13)
      at Interface.emit (events.js:315:20)
      at Interface._ttyWrite (readline.js:868:16)
      at ReadStream.onkeypress (readline.js:205:10)
      at ReadStream.emit (events.js:315:20)
      at emitKeys (internal/readline/utils.js:335:14)
      at emitKeys.next (<anonymous>)
      at ReadStream.onData (readline.js:1137:36)
      at ReadStream.emit (events.js:315:20)
      at addChunk (_stream_readable.js:295:12)

npm manifest: 
  No manifest

yarn manifest: 
  No manifest

Lockfile: 
  No lockfile
